Determining if the pthread_create exist failed with the following output:
Change Dir: /home/evan/share/coverage_path_ws/build/CMakeFiles/CMakeTmp

Run Build Command:/usr/bin/make "cmTryCompileExec1084352078/fast"
/usr/bin/make -f CMakeFiles/cmTryCompileExec1084352078.dir/build.make CMakeFiles/cmTryCompileExec1084352078.dir/build
make[1]: Entering directory `/home/evan/share/coverage_path_ws/build/CMakeFiles/CMakeTmp'
/usr/bin/cmake -E cmake_progress_report /home/evan/share/coverage_path_ws/build/CMakeFiles/CMakeTmp/CMakeFiles 1
Building C object CMakeFiles/cmTryCompileExec1084352078.dir/CheckSymbolExists.c.o
/usr/bin/cc    -o CMakeFiles/cmTryCompileExec1084352078.dir/CheckSymbolExists.c.o   -c /home/evan/share/coverage_path_ws/build/CMakeFiles/CMakeTmp/CheckSymbolExists.c
Linking C executable cmTryCompileExec1084352078
/usr/bin/cmake -E cmake_link_script CMakeFiles/cmTryCompileExec1084352078.dir/link.txt --verbose=1
/usr/bin/cc       CMakeFiles/cmTryCompileExec1084352078.dir/CheckSymbolExists.c.o  -o cmTryCompileExec1084352078 -rdynamic 
CMakeFiles/cmTryCompileExec1084352078.dir/CheckSymbolExists.c.o: In function `main':
CheckSymbolExists.c:(.text+0x16): undefined reference to `pthread_create'
collect2: error: ld returned 1 exit status
make[1]: *** [cmTryCompileExec1084352078] Error 1
make[1]: Leaving directory `/home/evan/share/coverage_path_ws/build/CMakeFiles/CMakeTmp'
make: *** [cmTryCompileExec1084352078/fast] Error 2

File /home/evan/share/coverage_path_ws/build/CMakeFiles/CMakeTmp/CheckSymbolExists.c:
/* */
#include <pthread.h>

int main(int argc, char** argv)
{
  (void)argv;
#ifndef pthread_create
  return ((int*)(&pthread_create))[argc];
#else
  (void)argc;
  return 0;
#endif
}

Determining if the function pthread_create exists in the pthreads failed with the following output:
Change Dir: /home/evan/share/coverage_path_ws/build/CMakeFiles/CMakeTmp

Run Build Command:/usr/bin/make "cmTryCompileExec2680482376/fast"
/usr/bin/make -f CMakeFiles/cmTryCompileExec2680482376.dir/build.make CMakeFiles/cmTryCompileExec2680482376.dir/build
make[1]: Entering directory `/home/evan/share/coverage_path_ws/build/CMakeFiles/CMakeTmp'
/usr/bin/cmake -E cmake_progress_report /home/evan/share/coverage_path_ws/build/CMakeFiles/CMakeTmp/CMakeFiles 1
Building C object CMakeFiles/cmTryCompileExec2680482376.dir/CheckFunctionExists.c.o
/usr/bin/cc   -DCHECK_FUNCTION_EXISTS=pthread_create   -o CMakeFiles/cmTryCompileExec2680482376.dir/CheckFunctionExists.c.o   -c /usr/share/cmake-2.8/Modules/CheckFunctionExists.c
Linking C executable cmTryCompileExec2680482376
/usr/bin/cmake -E cmake_link_script CMakeFiles/cmTryCompileExec2680482376.dir/link.txt --verbose=1
/usr/bin/cc   -DCHECK_FUNCTION_EXISTS=pthread_create    CMakeFiles/cmTryCompileExec2680482376.dir/CheckFunctionExists.c.o  -o cmTryCompileExec2680482376 -rdynamic -lpthreads 
/usr/bin/ld: cannot find -lpthreads
collect2: error: ld returned 1 exit status
make[1]: Leaving directory `/home/evan/share/coverage_path_ws/build/CMakeFiles/CMakeTmp'
make[1]: *** [cmTryCompileExec2680482376] Error 1
make: *** [cmTryCompileExec2680482376/fast] Error 2


Determining if the include file pgm.h exists failed with the following output:
Change Dir: /home/evan/share/coverage_path_ws/build/CMakeFiles/CMakeTmp

Run Build Command:/usr/bin/make "cmTryCompileExec3962700744/fast"
/usr/bin/make -f CMakeFiles/cmTryCompileExec3962700744.dir/build.make CMakeFiles/cmTryCompileExec3962700744.dir/build
make[1]: Entering directory `/home/evan/share/coverage_path_ws/build/CMakeFiles/CMakeTmp'
/usr/bin/cmake -E cmake_progress_report /home/evan/share/coverage_path_ws/build/CMakeFiles/CMakeTmp/CMakeFiles 1
Building CXX object CMakeFiles/cmTryCompileExec3962700744.dir/CheckIncludeFile.cxx.o
/usr/bin/c++    -Wno-deprecated    -o CMakeFiles/cmTryCompileExec3962700744.dir/CheckIncludeFile.cxx.o -c /home/evan/share/coverage_path_ws/build/CMakeFiles/CMakeTmp/CheckIncludeFile.cxx
/home/evan/share/coverage_path_ws/build/CMakeFiles/CMakeTmp/CheckIncludeFile.cxx:1:17: fatal error: pgm.h: No such file or directory
 #include <pgm.h>
                 ^
compilation terminated.
make[1]: *** [CMakeFiles/cmTryCompileExec3962700744.dir/CheckIncludeFile.cxx.o] Error 1
make[1]: Leaving directory `/home/evan/share/coverage_path_ws/build/CMakeFiles/CMakeTmp'
make: *** [cmTryCompileExec3962700744/fast] Error 2


